{"level":"warn","message":"Slow query detected (2580ms): User.findUnique","metadata":{},"timestamp":"2025-04-02 14:06:25:625"}
{"level":"warn","message":"Slow query detected (903ms): Notification.findMany","metadata":{},"timestamp":"2025-04-02 14:06:26:626"}
{"level":"warn","message":"Slow query detected (985ms): Notification.findMany","metadata":{},"timestamp":"2025-04-02 14:10:01:101"}
{"level":"warn","message":"Slow query detected (1351ms): BloodDrive.findMany","metadata":{},"timestamp":"2025-04-02 14:10:01:101"}
{"level":"warn","message":"Slow query detected (1288ms): User.findUnique","metadata":{},"timestamp":"2025-04-02 14:16:22:1622"}
{"level":"warn","message":"Slow query detected (620ms): BloodDrive.count","metadata":{},"timestamp":"2025-04-02 14:18:16:1816"}
{"level":"warn","message":"Slow query detected (587ms): Notification.count","metadata":{},"timestamp":"2025-04-02 14:18:16:1816"}
{"level":"warn","message":"Slow query detected (1016ms): Notification.findMany","metadata":{},"timestamp":"2025-04-02 14:20:52:2052"}
{"level":"warn","message":"Slow query detected (1414ms): BloodRequestNotification.findMany","metadata":{},"timestamp":"2025-04-02 14:25:48:2548"}
{"level":"warn","message":"Slow query detected (1420ms): FCMToken.findUnique","metadata":{},"timestamp":"2025-04-02 14:25:48:2548"}
{"level":"warn","message":"Slow query detected (1808ms): Notification.count","metadata":{},"timestamp":"2025-04-02 14:25:48:2548"}
{"level":"warn","message":"Slow query detected (539ms): User.findUnique","metadata":{},"timestamp":"2025-04-02 14:25:48:2548"}
{"level":"warn","message":"Slow query detected (612ms): User.findUnique","metadata":{},"timestamp":"2025-04-02 14:32:24:3224"}
{"level":"warn","message":"Slow query detected (1314ms): User.findUnique","metadata":{},"timestamp":"2025-04-02 14:32:26:3226"}
{"level":"warn","message":"Slow query detected (1336ms): Notification.count","metadata":{},"timestamp":"2025-04-02 14:32:26:3226"}
{"level":"warn","message":"Slow query detected (1405ms): User.findUnique","metadata":{},"timestamp":"2025-04-02 14:32:26:3226"}
{"level":"warn","message":"Slow query detected (1577ms): Notification.findMany","metadata":{},"timestamp":"2025-04-02 14:32:26:3226"}
{"level":"warn","message":"Slow query detected (1671ms): User.findUnique","metadata":{},"timestamp":"2025-04-02 14:32:26:3226"}
{"level":"warn","message":"Slow query detected (2041ms): FCMToken.update","metadata":{},"timestamp":"2025-04-02 14:32:26:3226"}
{"level":"warn","message":"Slow query detected (560ms): FCMToken.update","metadata":{},"timestamp":"2025-04-02 14:36:22:3622"}
{"level":"warn","message":"Slow query detected (577ms): Notification.findMany","metadata":{},"timestamp":"2025-04-02 14:36:22:3622"}
{"level":"warn","message":"Slow query detected (603ms): Notification.findMany","metadata":{},"timestamp":"2025-04-02 14:36:22:3622"}
{"level":"warn","message":"Slow query detected (614ms): Notification.count","metadata":{},"timestamp":"2025-04-02 14:36:22:3622"}
{"level":"warn","message":"Slow query detected (658ms): Notification.count","metadata":{},"timestamp":"2025-04-02 14:36:22:3622"}
{"level":"warn","message":"Slow query detected (1351ms): User.findUnique","metadata":{},"timestamp":"2025-04-02 14:47:21:4721"}
{"level":"warn","message":"Slow query detected (548ms): Blog.findMany","metadata":{},"timestamp":"2025-04-02 14:47:23:4723"}
{"level":"warn","message":"Slow query detected (651ms): Notification.count","metadata":{},"timestamp":"2025-04-02 14:47:25:4725"}
{"level":"warn","message":"Slow query detected (575ms): User.findMany","metadata":{},"timestamp":"2025-04-02 14:49:06:496"}
{"level":"warn","message":"Slow query detected (850ms): Blog.findMany","metadata":{},"timestamp":"2025-04-02 14:49:07:497"}
