{"level":"info","message":"Database connection initialized","metadata":{},"timestamp":"2025-03-18 01:00:17:017"}
{"level":"info","message":"Server is running on port 5000","metadata":{},"timestamp":"2025-03-18 01:00:17:017"}
{"level":"info","message":"Successfully connected to database","metadata":{},"timestamp":"2025-03-18 01:00:17:017"}
{"level":"info","message":"Database connection initialized","metadata":{},"timestamp":"2025-03-18 01:00:35:035"}
{"level":"info","message":"Server is running on port 5000","metadata":{},"timestamp":"2025-03-18 01:00:35:035"}
{"level":"info","message":"Successfully connected to database","metadata":{},"timestamp":"2025-03-18 01:00:35:035"}
{"level":"info","message":"Database connection initialized","metadata":{},"timestamp":"2025-03-18 01:00:54:054"}
{"level":"info","message":"Server is running on port 5000","metadata":{},"timestamp":"2025-03-18 01:00:54:054"}
{"level":"info","message":"Successfully connected to database","metadata":{},"timestamp":"2025-03-18 01:00:54:054"}
{"level":"info","message":"Database connection initialized","metadata":{},"timestamp":"2025-03-18 01:00:57:057"}
{"level":"info","message":"Server is running on port 5000","metadata":{},"timestamp":"2025-03-18 01:00:57:057"}
{"level":"info","message":"Successfully connected to database","metadata":{},"timestamp":"2025-03-18 01:00:57:057"}
{"level":"info","message":"Database connection initialized","metadata":{},"timestamp":"2025-03-18 01:01:59:159"}
{"level":"info","message":"Server is running on port 5000","metadata":{},"timestamp":"2025-03-18 01:01:59:159"}
{"level":"info","message":"Successfully connected to database","metadata":{},"timestamp":"2025-03-18 01:02:00:20"}
{"level":"warn","message":"Slow query detected (571ms): User.findMany","metadata":{},"timestamp":"2025-03-18 01:02:09:29"}
{"level":"warn","message":"Slow query detected (515ms): BloodRequest.findUnique","metadata":{},"timestamp":"2025-03-18 01:02:50:250"}
{"level":"error","message":"Unhandled Rejection at:","metadata":{"promise":"[object Promise]","reason":"\nInvalid `prisma.user.findUnique()` invocation in\nD:\\Future project\\blood-need\\blood-need-server\\src\\app\\middlewares\\auth.ts:28:36\n\n  25 }\n  26 \n  27 // Fetch user from MongoDB using Prisma based on the userId passed in the token\n→ 28 const user = await prisma.user.findUnique(\nInconsistent column data: Malformed ObjectID: provided hex string representation must be exactly 12 bytes, instead got: \"undefined\", length 9."},"timestamp":"2025-03-18 01:02:52:252"}
{"level":"error","message":"Unhandled Rejection at:","metadata":{"promise":"[object Promise]","reason":"\nInvalid `prisma.user.findUnique()` invocation in\nD:\\Future project\\blood-need\\blood-need-server\\src\\app\\middlewares\\auth.ts:28:36\n\n  25 }\n  26 \n  27 // Fetch user from MongoDB using Prisma based on the userId passed in the token\n→ 28 const user = await prisma.user.findUnique(\nInconsistent column data: Malformed ObjectID: provided hex string representation must be exactly 12 bytes, instead got: \"undefined\", length 9."},"timestamp":"2025-03-18 01:03:48:348"}
{"level":"warn","message":"Slow query detected (550ms): BloodDrive.count","metadata":{},"timestamp":"2025-03-18 01:05:12:512"}
{"level":"warn","message":"Slow query detected (505ms): BloodDrive.count","metadata":{},"timestamp":"2025-03-18 01:05:29:529"}
{"level":"error","message":"Global error handler caught an error: Invalid credentials","metadata":{},"timestamp":"2025-03-18 01:07:59:759"}
{"level":"info","message":"Database connection initialized","metadata":{},"timestamp":"2025-03-18 01:16:24:1624"}
{"level":"info","message":"Server is running on port 5000","metadata":{},"timestamp":"2025-03-18 01:16:24:1624"}
{"level":"info","message":"Successfully connected to database","metadata":{},"timestamp":"2025-03-18 01:16:26:1626"}
{"level":"warn","message":"Slow query detected (2198ms): BloodDrive.findMany","metadata":{},"timestamp":"2025-03-18 01:16:27:1627"}
{"level":"warn","message":"Slow query detected (712ms): BloodRequest.count","metadata":{},"timestamp":"2025-03-18 01:21:20:2120"}
{"level":"info","message":"Prisma is disconnecting...","metadata":{},"timestamp":"2025-03-18 01:22:54:2254"}
