{"level":"warn","message":"Slow query detected (1524ms): User.findMany","metadata":{},"timestamp":"2025-03-29 00:16:52:1652"}
{"level":"warn","message":"Slow query detected (1562ms): Blog.findMany","metadata":{},"timestamp":"2025-03-29 00:16:52:1652"}
{"level":"info","message":"Donation reminder job scheduled","metadata":{},"timestamp":"2025-03-29 00:20:40:2040"}
{"level":"info","message":"Database connection initialized","metadata":{},"timestamp":"2025-03-29 00:20:40:2040"}
{"level":"info","message":"Server is running on port 5000","metadata":{},"timestamp":"2025-03-29 00:20:40:2040"}
{"level":"info","message":"Successfully connected to database","metadata":{},"timestamp":"2025-03-29 00:20:41:2041"}
{"level":"warn","message":"Slow query detected (515ms): User.findMany","metadata":{},"timestamp":"2025-03-29 00:20:48:2048"}
{"level":"warn","message":"Slow query detected (854ms): Blog.findMany","metadata":{},"timestamp":"2025-03-29 00:20:49:2049"}
{"level":"info","message":"Donation reminder job scheduled","metadata":{},"timestamp":"2025-03-29 00:31:47:3147"}
{"level":"info","message":"Database connection initialized","metadata":{},"timestamp":"2025-03-29 00:31:48:3148"}
{"level":"info","message":"Server is running on port 5000","metadata":{},"timestamp":"2025-03-29 00:31:48:3148"}
{"level":"info","message":"Successfully connected to database","metadata":{},"timestamp":"2025-03-29 00:31:48:3148"}
{"level":"warn","message":"Slow query detected (521ms): User.findMany","metadata":{},"timestamp":"2025-03-29 00:33:12:3312"}
{"level":"warn","message":"Slow query detected (605ms): Blog.findMany","metadata":{},"timestamp":"2025-03-29 00:33:12:3312"}
{"level":"info","message":"Donation reminder job scheduled","metadata":{},"timestamp":"2025-03-29 00:47:09:479"}
{"level":"info","message":"Database connection initialized","metadata":{},"timestamp":"2025-03-29 00:47:09:479"}
{"level":"info","message":"Server is running on port 5000","metadata":{},"timestamp":"2025-03-29 00:47:09:479"}
{"level":"info","message":"Successfully connected to database","metadata":{},"timestamp":"2025-03-29 00:47:09:479"}
{"level":"info","message":"Donation reminder job scheduled","metadata":{},"timestamp":"2025-03-29 00:47:15:4715"}
{"level":"info","message":"Database connection initialized","metadata":{},"timestamp":"2025-03-29 00:47:15:4715"}
{"level":"info","message":"Server is running on port 5000","metadata":{},"timestamp":"2025-03-29 00:47:15:4715"}
{"level":"info","message":"Successfully connected to database","metadata":{},"timestamp":"2025-03-29 00:47:15:4715"}
{"level":"info","message":"Donation reminder job scheduled","metadata":{},"timestamp":"2025-03-29 00:47:30:4730"}
{"level":"info","message":"Database connection initialized","metadata":{},"timestamp":"2025-03-29 00:47:30:4730"}
{"level":"info","message":"Server is running on port 5000","metadata":{},"timestamp":"2025-03-29 00:47:30:4730"}
{"level":"info","message":"Successfully connected to database","metadata":{},"timestamp":"2025-03-29 00:47:30:4730"}
{"level":"warn","message":"Slow query detected (544ms): Blog.findMany","metadata":{},"timestamp":"2025-03-29 00:47:41:4741"}
{"level":"info","message":"Donation reminder job scheduled","metadata":{},"timestamp":"2025-03-29 00:49:13:4913"}
{"level":"info","message":"Database connection initialized","metadata":{},"timestamp":"2025-03-29 00:49:13:4913"}
{"level":"info","message":"Server is running on port 5000","metadata":{},"timestamp":"2025-03-29 00:49:13:4913"}
{"level":"info","message":"Successfully connected to database","metadata":{},"timestamp":"2025-03-29 00:49:13:4913"}
{"level":"info","message":"Donation reminder job scheduled","metadata":{},"timestamp":"2025-03-29 00:49:20:4920"}
{"level":"info","message":"Database connection initialized","metadata":{},"timestamp":"2025-03-29 00:49:20:4920"}
{"level":"info","message":"Server is running on port 5000","metadata":{},"timestamp":"2025-03-29 00:49:20:4920"}
{"level":"info","message":"Successfully connected to database","metadata":{},"timestamp":"2025-03-29 00:49:20:4920"}
{"level":"info","message":"Donation reminder job scheduled","metadata":{},"timestamp":"2025-03-29 00:49:36:4936"}
{"level":"info","message":"Database connection initialized","metadata":{},"timestamp":"2025-03-29 00:49:36:4936"}
{"level":"info","message":"Server is running on port 5000","metadata":{},"timestamp":"2025-03-29 00:49:36:4936"}
{"level":"info","message":"Successfully connected to database","metadata":{},"timestamp":"2025-03-29 00:49:36:4936"}
{"level":"info","message":"Donation reminder job scheduled","metadata":{},"timestamp":"2025-03-29 00:49:45:4945"}
{"level":"info","message":"Database connection initialized","metadata":{},"timestamp":"2025-03-29 00:49:45:4945"}
{"level":"info","message":"Server is running on port 5000","metadata":{},"timestamp":"2025-03-29 00:49:45:4945"}
{"level":"info","message":"Successfully connected to database","metadata":{},"timestamp":"2025-03-29 00:49:46:4946"}
{"level":"info","message":"Donation reminder job scheduled","metadata":{},"timestamp":"2025-03-29 00:49:52:4952"}
{"level":"info","message":"Database connection initialized","metadata":{},"timestamp":"2025-03-29 00:49:52:4952"}
{"level":"info","message":"Server is running on port 5000","metadata":{},"timestamp":"2025-03-29 00:49:52:4952"}
{"level":"info","message":"Successfully connected to database","metadata":{},"timestamp":"2025-03-29 00:49:53:4953"}
{"level":"warn","message":"Slow query detected (529ms): Blog.findMany","metadata":{},"timestamp":"2025-03-29 00:49:57:4957"}
{"level":"info","message":"Donation reminder job scheduled","metadata":{},"timestamp":"2025-03-29 00:51:18:5118"}
{"level":"info","message":"Database connection initialized","metadata":{},"timestamp":"2025-03-29 00:51:18:5118"}
{"level":"info","message":"Server is running on port 5000","metadata":{},"timestamp":"2025-03-29 00:51:18:5118"}
{"level":"info","message":"Successfully connected to database","metadata":{},"timestamp":"2025-03-29 00:51:18:5118"}
{"level":"info","message":"Donation reminder job scheduled","metadata":{},"timestamp":"2025-03-29 00:51:24:5124"}
{"level":"info","message":"Database connection initialized","metadata":{},"timestamp":"2025-03-29 00:51:24:5124"}
{"level":"info","message":"Server is running on port 5000","metadata":{},"timestamp":"2025-03-29 00:51:24:5124"}
{"level":"info","message":"Successfully connected to database","metadata":{},"timestamp":"2025-03-29 00:51:24:5124"}
{"level":"info","message":"Donation reminder job scheduled","metadata":{},"timestamp":"2025-03-29 00:53:07:537"}
{"level":"info","message":"Database connection initialized","metadata":{},"timestamp":"2025-03-29 00:53:07:537"}
{"level":"info","message":"Server is running on port 5000","metadata":{},"timestamp":"2025-03-29 00:53:07:537"}
{"level":"info","message":"Successfully connected to database","metadata":{},"timestamp":"2025-03-29 00:53:07:537"}
{"level":"info","message":"Donation reminder job scheduled","metadata":{},"timestamp":"2025-03-29 00:53:12:5312"}
{"level":"info","message":"Database connection initialized","metadata":{},"timestamp":"2025-03-29 00:53:12:5312"}
{"level":"info","message":"Server is running on port 5000","metadata":{},"timestamp":"2025-03-29 00:53:12:5312"}
{"level":"info","message":"Successfully connected to database","metadata":{},"timestamp":"2025-03-29 00:53:12:5312"}
{"level":"warn","message":"Slow query detected (652ms): User.findMany","metadata":{},"timestamp":"2025-03-29 00:53:46:5346"}
{"level":"warn","message":"Slow query detected (653ms): Blog.findMany","metadata":{},"timestamp":"2025-03-29 00:53:46:5346"}
{"level":"info","message":"Donation reminder job scheduled","metadata":{},"timestamp":"2025-03-29 00:55:54:5554"}
{"level":"info","message":"Database connection initialized","metadata":{},"timestamp":"2025-03-29 00:55:54:5554"}
{"level":"info","message":"Server is running on port 5000","metadata":{},"timestamp":"2025-03-29 00:55:54:5554"}
{"level":"info","message":"Successfully connected to database","metadata":{},"timestamp":"2025-03-29 00:55:54:5554"}
{"level":"info","message":"Donation reminder job scheduled","metadata":{},"timestamp":"2025-03-29 00:58:06:586"}
{"level":"info","message":"Database connection initialized","metadata":{},"timestamp":"2025-03-29 00:58:06:586"}
{"level":"info","message":"Server is running on port 5000","metadata":{},"timestamp":"2025-03-29 00:58:06:586"}
{"level":"info","message":"Successfully connected to database","metadata":{},"timestamp":"2025-03-29 00:58:07:587"}
{"level":"info","message":"Donation reminder job scheduled","metadata":{},"timestamp":"2025-03-29 00:58:14:5814"}
{"level":"info","message":"Database connection initialized","metadata":{},"timestamp":"2025-03-29 00:58:14:5814"}
{"level":"info","message":"Server is running on port 5000","metadata":{},"timestamp":"2025-03-29 00:58:14:5814"}
{"level":"info","message":"Successfully connected to database","metadata":{},"timestamp":"2025-03-29 00:58:14:5814"}
{"level":"warn","message":"Slow query detected (531ms): Blog.findMany","metadata":{},"timestamp":"2025-03-29 00:58:18:5818"}
{"level":"info","message":"Donation reminder job scheduled","metadata":{},"timestamp":"2025-03-29 00:59:41:5941"}
{"level":"info","message":"Database connection initialized","metadata":{},"timestamp":"2025-03-29 00:59:41:5941"}
{"level":"info","message":"Server is running on port 5000","metadata":{},"timestamp":"2025-03-29 00:59:41:5941"}
{"level":"info","message":"Donation reminder job scheduled","metadata":{},"timestamp":"2025-03-29 00:59:45:5945"}
{"level":"info","message":"Database connection initialized","metadata":{},"timestamp":"2025-03-29 00:59:45:5945"}
{"level":"info","message":"Server is running on port 5000","metadata":{},"timestamp":"2025-03-29 00:59:45:5945"}
{"level":"info","message":"Successfully connected to database","metadata":{},"timestamp":"2025-03-29 00:59:46:5946"}
{"level":"warn","message":"Slow query detected (545ms): Blog.findMany","metadata":{},"timestamp":"2025-03-29 00:59:54:5954"}
